#
# There is insufficient memory for the Java Runtime Environment to continue.
# Native memory allocation (mmap) failed to map 134217728 bytes for Failed to commit area from 0x0000000081c00000 to 0x0000000089c00000 of length 134217728.
# Possible reasons:
#   The system is out of physical RAM or swap space
#   The process is running with CompressedOops enabled, and the Java Heap may be blocking the growth of the native heap
# Possible solutions:
#   Reduce memory load on the system
#   Increase physical memory or swap space
#   Check if swap backing store is full
#   Decrease Java heap size (-Xmx/-Xms)
#   Decrease number of Java threads
#   Decrease Java thread stack sizes (-Xss)
#   Set larger code cache with -XX:ReservedCodeCacheSize=
# This output file may be truncated or incomplete.
#
#  Out of Memory Error (./open/src/hotspot/os/windows/os_windows.cpp:3275), pid=12908, tid=5708
#
# JRE version:  (11.0.9+7) (build )
# Java VM: Java HotSpot(TM) 64-Bit Server VM (11.0.9+7-LTS, mixed mode, sharing, tiered, compressed oops, g1 gc, windows-amd64)
# No core dump will be written. Minidumps are not enabled by default on client versions of Windows
#

---------------  S U M M A R Y ------------

Command Line: -Dfile.encoding=UTF-8 main.Main

Host: Intel(R) Pentium(R) CPU G4560 @ 3.50GHz, 4 cores, 7G,  Windows 10 , 64 bit Build 19041 (10.0.19041.546)
Time: Tue Dec  1 21:13:57 2020 SE Asia Standard Time elapsed time: 0.029142 seconds (0d 0h 0m 0s)

---------------  T H R E A D  ---------------

Current thread (0x00000108cd665000):  JavaThread "Unknown thread" [_thread_in_vm, id=5708, stack(0x00000006f3b00000,0x00000006f3c00000)]

Stack: [0x00000006f3b00000,0x00000006f3c00000]
Native frames: (J=compiled Java code, j=interpreted, Vv=VM code, C=native code)
V  [jvm.dll+0x611a3a]
V  [jvm.dll+0x748aaf]
V  [jvm.dll+0x74a135]
V  [jvm.dll+0x74a7b3]
V  [jvm.dll+0x2439f8]
V  [jvm.dll+0x60eeda]
V  [jvm.dll+0x603de5]
V  [jvm.dll+0x2f785c]
V  [jvm.dll+0x2f76e2]
V  [jvm.dll+0x2fc396]
V  [jvm.dll+0x33e1df]
V  [jvm.dll+0x33dc10]
V  [jvm.dll+0x2d5aa8]
V  [jvm.dll+0x2d6c06]
V  [jvm.dll+0x724927]
V  [jvm.dll+0x7261cf]
V  [jvm.dll+0x34af59]
V  [jvm.dll+0x70a4a0]
V  [jvm.dll+0x3b415f]
V  [jvm.dll+0x3b6201]
C  [jli.dll+0x520b]
C  [ucrtbase.dll+0x214c2]
C  [KERNEL32.DLL+0x17034]
C  [ntdll.dll+0x4cec1]


---------------  P R O C E S S  ---------------

Threads class SMR info:
_java_thread_list=0x00000108cbd60190, length=0, elements={
}

Java Threads: ( => current thread )

Other Threads:
  0x00000108cd67b800 GCTaskThread "GC Thread#0" [stack: 0x00000006f3c00000,0x00000006f3d00000] [id=17016]
  0x00000108cd6ab000 ConcurrentGCThread "G1 Main Marker" [stack: 0x00000006f3d00000,0x00000006f3e00000] [id=16660]
  0x00000108cd6ad000 ConcurrentGCThread "G1 Conc#0" [stack: 0x00000006f3e00000,0x00000006f3f00000] [id=17900]

[error occurred during error reporting (printing all threads), id 0xc0000005, EXCEPTION_ACCESS_VIOLATION (0xc0000005) at pc=0x00007ff8231d42a7]

VM state:not at safepoint (not fully initialized)

VM Mutex/Monitor currently owned by a thread:  ([mutex/lock_event])
[0x00000108cd6613f0] Heap_lock - owner thread: 0x00000108cd665000

Heap address: 0x0000000081c00000, size: 2020 MB, Compressed Oops mode: Non-zero based: 0x0000000081c00000
Narrow klass base: 0x0000000000000000, Narrow klass shift: 0

GC Heap History (0 events):
No events

Deoptimization events (0 events):
No events

Classes redefined (0 events):
No events

Internal exceptions (0 events):
No events

Events (0 events):
No events


Dynamic libraries:
0x00007ff7f6780000 - 0x00007ff7f678f000 	C:\Program Files\Java\jdk-11.0.9\bin\javaw.exe
0x00007ff86fcd0000 - 0x00007ff86fec6000 	C:\Windows\SYSTEM32\ntdll.dll
0x00007ff86efe0000 - 0x00007ff86f09d000 	C:\Windows\System32\KERNEL32.DLL
0x00007ff86d6a0000 - 0x00007ff86d968000 	C:\Windows\System32\KERNELBASE.dll
0x00007ff86daa0000 - 0x00007ff86dba0000 	C:\Windows\System32\ucrtbase.dll
0x00007ff858020000 - 0x00007ff858038000 	C:\Program Files\Java\jdk-11.0.9\bin\jli.dll
0x00007ff86e9b0000 - 0x00007ff86ea5c000 	C:\Windows\System32\ADVAPI32.dll
0x00007ff86e7e0000 - 0x00007ff86e87e000 	C:\Windows\System32\msvcrt.dll
0x00007ff86ec80000 - 0x00007ff86ed1b000 	C:\Windows\System32\sechost.dll
0x00007ff86e880000 - 0x00007ff86e9a4000 	C:\Windows\System32\RPCRT4.dll
0x00007ff86ee40000 - 0x00007ff86efe0000 	C:\Windows\System32\USER32.dll
0x00007ff86dba0000 - 0x00007ff86dbc2000 	C:\Windows\System32\win32u.dll
0x00007ff86fc30000 - 0x00007ff86fc5a000 	C:\Windows\System32\GDI32.dll
0x00007ff86d530000 - 0x00007ff86d639000 	C:\Windows\System32\gdi32full.dll
0x00007ff86d490000 - 0x00007ff86d52d000 	C:\Windows\System32\msvcp_win.dll
0x00007ff85f590000 - 0x00007ff85f82b000 	C:\Windows\WinSxS\amd64_microsoft.windows.common-controls_6595b64144ccf1df_6.0.19041.488_none_ca04af081b815d21\COMCTL32.dll
0x00007ff868610000 - 0x00007ff86861a000 	C:\Windows\SYSTEM32\VERSION.dll
0x00007ff84e840000 - 0x00007ff84e855000 	C:\Program Files\Java\jdk-11.0.9\bin\VCRUNTIME140.dll
0x00007ff86fc60000 - 0x00007ff86fc90000 	C:\Windows\System32\IMM32.DLL
0x00007ff84b7e0000 - 0x00007ff84b87b000 	C:\Program Files\Java\jdk-11.0.9\bin\msvcp140.dll
0x00007ff822ef0000 - 0x00007ff8239e7000 	C:\Program Files\Java\jdk-11.0.9\bin\server\jvm.dll
0x00007ff86dd30000 - 0x00007ff86dd38000 	C:\Windows\System32\PSAPI.DLL
0x00007ff85ad50000 - 0x00007ff85ad59000 	C:\Windows\SYSTEM32\WSOCK32.dll
0x00007ff86e480000 - 0x00007ff86e4eb000 	C:\Windows\System32\WS2_32.dll
0x00007ff866990000 - 0x00007ff8669b7000 	C:\Windows\SYSTEM32\WINMM.dll
0x00007ff86b380000 - 0x00007ff86b392000 	C:\Windows\SYSTEM32\kernel.appcore.dll
0x00007ff859970000 - 0x00007ff859980000 	C:\Program Files\Java\jdk-11.0.9\bin\verify.dll
0x00007ff861740000 - 0x00007ff861924000 	C:\Windows\SYSTEM32\DBGHELP.DLL
0x00007ff8615d0000 - 0x00007ff8615fc000 	C:\Windows\SYSTEM32\dbgcore.DLL
0x00007ff86d410000 - 0x00007ff86d48f000 	C:\Windows\System32\bcryptPrimitives.dll
0x00007ff84bc90000 - 0x00007ff84bcb8000 	C:\Program Files\Java\jdk-11.0.9\bin\java.dll
0x00007ff8595e0000 - 0x00007ff8595ea000 	C:\Program Files\Java\jdk-11.0.9\bin\jimage.dll
0x00007ff84bc70000 - 0x00007ff84bc86000 	C:\Program Files\Java\jdk-11.0.9\bin\zip.dll

dbghelp: loaded successfully - version: 4.0.5 - missing functions: none
symbol engine: initialized successfully - sym options: 0x614 - pdb path: .;C:\Program Files\Java\jdk-11.0.9\bin;C:\Windows\SYSTEM32;C:\Windows\WinSxS\amd64_microsoft.windows.common-controls_6595b64144ccf1df_6.0.19041.488_none_ca04af081b815d21;C:\Program Files\Java\jdk-11.0.9\bin\server

VM Arguments:
jvm_args: -Dfile.encoding=UTF-8 
java_command: main.Main
java_class_path (initial): C:\Users\Admin\Documents\GitHub\note5\main\bin;C:\Users\Admin\Documents\GitHub\note5\main\miglayout15-swing.jar
Launcher Type: SUN_STANDARD

[Global flags]
     intx CICompilerCount                          = 3                                         {product} {ergonomic}
     uint ConcGCThreads                            = 1                                         {product} {ergonomic}
     uint G1ConcRefinementThreads                  = 4                                         {product} {ergonomic}
   size_t G1HeapRegionSize                         = 1048576                                   {product} {ergonomic}
    uintx GCDrainStackTargetSize                   = 64                                        {product} {ergonomic}
   size_t InitialHeapSize                          = 134217728                                 {product} {ergonomic}
   size_t MarkStackSize                            = 4194304                                   {product} {ergonomic}
   size_t MaxHeapSize                              = 2118123520                                {product} {ergonomic}
   size_t MinHeapDeltaBytes                        = 1048576                                   {product} {ergonomic}
    uintx NonNMethodCodeHeapSize                   = 5830732                                {pd product} {ergonomic}
    uintx NonProfiledCodeHeapSize                  = 122913754                              {pd product} {ergonomic}
    uintx ProfiledCodeHeapSize                     = 122913754                              {pd product} {ergonomic}
    uintx ReservedCodeCacheSize                    = 251658240                              {pd product} {ergonomic}
     bool SegmentedCodeCache                       = true                                      {product} {ergonomic}
     bool UseCompressedClassPointers               = true                                 {lp64_product} {ergonomic}
     bool UseCompressedOops                        = true                                 {lp64_product} {ergonomic}
     bool UseG1GC                                  = true                                      {product} {ergonomic}
     bool UseLargePagesIndividualAllocation        = false                                  {pd product} {ergonomic}

Logging:
Log output configuration:
 #0: stdout all=warning uptime,level,tags
 #1: stderr all=off uptime,level,tags

Environment Variables:
JAVA_HOME=C:\Program Files\Java\jdk-11.0.9
PATH=C:/Program Files/Java/jdk-11.0.9/bin/server;C:/Program Files/Java/jdk-11.0.9/bin;C:\Program Files\Common Files\Oracle\Java\javapath;C:\Windows\system32;C:\Windows;C:\Windows\System32\Wbem;C:\Windows\System32\WindowsPowerShell\v1.0\;C:\Windows\System32\OpenSSH\;C:\Program Files\Git\cmd;C:\Program Files\nodejs\;C:\Go\bin;C:\Program Files\PuTTY\;C:\Program Files (x86)\Dev-Cpp\MinGW64\bin;C:\Program Files\Java\jdk-11.0.9\bin;C:\Program Files\Microsoft SQL Server\Client SDK\ODBC\170\Tools\Binn\;C:\Program Files (x86)\Microsoft SQL Server\150\Tools\Binn\;C:\Program Files\Microsoft SQL Server\150\Tools\Binn\;C:\Program Files\Microsoft SQL Server\150\DTS\Binn\;C:\Program Files (x86)\Microsoft SQL Server\150\DTS\Binn\;C:\Program Files\Azure Data Studio\bin;C:\Users\Admin\AppData\Local\Programs\Python\Python38-32\Scripts\;C:\Users\Admin\AppData\Local\Programs\Python\Python38-32\;C:\Users\Admin\AppData\Local\Microsoft\WindowsApps;C:\Users\Admin\AppData\Local\Programs\Microsoft VS Code\bin;C:\ProgramData\Admin\GitHubDesktop\bin;C:\Users\Admin\AppData\Roaming\npm;C:\Users\Admin\go\bin;C:\MinGW\bin;;C:\Program Files\Azure Data Studio\bin;C:\Windows\System32;
USERNAME=Admin
OS=Windows_NT
PROCESSOR_IDENTIFIER=Intel64 Family 6 Model 158 Stepping 9, GenuineIntel



---------------  S Y S T E M  ---------------

OS: Windows 10 , 64 bit Build 19041 (10.0.19041.546)

CPU:total 4 (initial active 4) (2 cores per cpu, 2 threads per core) family 6 model 158 stepping 9, cmov, cx8, fxsr, mmx, sse, sse2, sse3, ssse3, sse4.1, sse4.2, popcnt, aes, clmul, erms, 3dnowpref, lzcnt, ht, tsc, tscinvbit

Memory: 4k page, system-wide physical 8079M (1538M free)
TotalPageFile size 22374M (AvailPageFile size 14M)
current process WorkingSet (physical memory assigned to process): 9M, peak: 9M
current process commit charge ("private bytes"): 51M, peak: 179M

vm_info: Java HotSpot(TM) 64-Bit Server VM (11.0.9+7-LTS) for windows-amd64 JRE (11.0.9+7-LTS), built on Sep 15 2020 16:47:03 by "mach5one" with MS VC++ 15.9 (VS2017)

END.
