#
# There is insufficient memory for the Java Runtime Environment to continue.
# Native memory allocation (malloc) failed to allocate 527776 bytes for Chunk::new
# Possible reasons:
#   The system is out of physical RAM or swap space
#   The process is running with CompressedOops enabled, and the Java Heap may be blocking the growth of the native heap
# Possible solutions:
#   Reduce memory load on the system
#   Increase physical memory or swap space
#   Check if swap backing store is full
#   Decrease Java heap size (-Xmx/-Xms)
#   Decrease number of Java threads
#   Decrease Java thread stack sizes (-Xss)
#   Set larger code cache with -XX:ReservedCodeCacheSize=
#   JVM is running with Unscaled Compressed Oops mode in which the Java heap is
#     placed in the first 4GB address space. The Java Heap base address is the
#     maximum limit for the native heap growth. Please use -XX:HeapBaseMinAddress
#     to set the Java Heap base and to place the Java Heap above 4GB virtual address.
# This output file may be truncated or incomplete.
#
#  Out of Memory Error (./open/src/hotspot/share/memory/arena.cpp:197), pid=18492, tid=18024
#
# JRE version: Java(TM) SE Runtime Environment 18.9 (11.0.9+7) (build 11.0.9+7-LTS)
# Java VM: Java HotSpot(TM) 64-Bit Server VM 18.9 (11.0.9+7-LTS, mixed mode, tiered, compressed oops, g1 gc, windows-amd64)
# No core dump will be written. Minidumps are not enabled by default on client versions of Windows
#

---------------  S U M M A R Y ------------

Command Line: -Dfile.encoding=UTF-8 main.Main

Host: Intel(R) Pentium(R) CPU G4560 @ 3.50GHz, 4 cores, 7G,  Windows 10 , 64 bit Build 19041 (10.0.19041.546)
Time: Thu Dec  3 18:06:27 2020 SE Asia Standard Time elapsed time: 0.478958 seconds (0d 0h 0m 0s)

---------------  T H R E A D  ---------------

Current thread (0x00000179a8ee2000):  JavaThread "C2 CompilerThread0" daemon [_thread_in_native, id=18024, stack(0x0000006928000000,0x0000006928100000)]


Current CompileTask:
C2:    479  500       4       jdk.internal.org.objectweb.asm.Frame::execute (2264 bytes)

Stack: [0x0000006928000000,0x0000006928100000]
Native frames: (J=compiled Java code, j=interpreted, Vv=VM code, C=native code)
V  [jvm.dll+0x611a3a]
V  [jvm.dll+0x748aaf]
V  [jvm.dll+0x74a135]
V  [jvm.dll+0x74a7b3]
V  [jvm.dll+0x2439f8]
V  [jvm.dll+0xba2bc]
V  [jvm.dll+0xba9bc]
V  [jvm.dll+0x2b4274]
V  [jvm.dll+0x52a046]
V  [jvm.dll+0x1ff113]
V  [jvm.dll+0x1fc52f]
V  [jvm.dll+0x17f08c]
V  [jvm.dll+0x20bc54]
V  [jvm.dll+0x209d2b]
V  [jvm.dll+0x7103d9]
V  [jvm.dll+0x709114]
V  [jvm.dll+0x610cb6]
C  [ucrtbase.dll+0x214c2]
C  [KERNEL32.DLL+0x17034]
C  [ntdll.dll+0x4cec1]


---------------  P R O C E S S  ---------------

Threads class SMR info:
_java_thread_list=0x00000179a9cec380, length=14, elements={
0x000001798a294800, 0x00000179a8eac800, 0x00000179a8ed8800, 0x00000179a9872800,
0x00000179a8ee1000, 0x00000179a8ee2000, 0x00000179a8ef2000, 0x00000179a8eff000,
0x00000179a99b7800, 0x00000179a99c7000, 0x00000179a9cf2800, 0x00000179a9cf3800,
0x00000179a9d65000, 0x00000179a9d86000
}

Java Threads: ( => current thread )
  0x000001798a294800 JavaThread "main" [_thread_in_vm, id=18500, stack(0x0000006927500000,0x0000006927600000)]
  0x00000179a8eac800 JavaThread "Reference Handler" daemon [_thread_blocked, id=15036, stack(0x0000006927c00000,0x0000006927d00000)]
  0x00000179a8ed8800 JavaThread "Finalizer" daemon [_thread_blocked, id=19200, stack(0x0000006927d00000,0x0000006927e00000)]
  0x00000179a9872800 JavaThread "Signal Dispatcher" daemon [_thread_blocked, id=18984, stack(0x0000006927e00000,0x0000006927f00000)]
  0x00000179a8ee1000 JavaThread "Attach Listener" daemon [_thread_blocked, id=13576, stack(0x0000006927f00000,0x0000006928000000)]
=>0x00000179a8ee2000 JavaThread "C2 CompilerThread0" daemon [_thread_in_native, id=18024, stack(0x0000006928000000,0x0000006928100000)]
  0x00000179a8ef2000 JavaThread "C1 CompilerThread0" daemon [_thread_blocked, id=19344, stack(0x0000006928100000,0x0000006928200000)]
  0x00000179a8eff000 JavaThread "Sweeper thread" daemon [_thread_blocked, id=18224, stack(0x0000006928200000,0x0000006928300000)]
  0x00000179a99b7800 JavaThread "Service Thread" daemon [_thread_blocked, id=9772, stack(0x0000006928300000,0x0000006928400000)]
  0x00000179a99c7000 JavaThread "Common-Cleaner" daemon [_thread_blocked, id=17608, stack(0x0000006928500000,0x0000006928600000)]
  0x00000179a9cf2800 JavaThread "Java2D Disposer" daemon [_thread_blocked, id=19272, stack(0x0000006928700000,0x0000006928800000)]
  0x00000179a9cf3800 JavaThread "AWT-Shutdown" [_thread_blocked, id=12048, stack(0x0000006928800000,0x0000006928900000)]
  0x00000179a9d65000 JavaThread "AWT-Windows" daemon [_thread_in_native, id=18852, stack(0x0000006928900000,0x0000006928a00000)]
  0x00000179a9d86000 JavaThread "C2 CompilerThread1" daemon [_thread_in_native, id=18728, stack(0x0000006928a00000,0x0000006928b00000)]

Other Threads:
  0x00000179a8ea9800 VMThread "VM Thread" [stack: 0x0000006927b00000,0x0000006927c00000] [id=18924]
  0x00000179a99bf800 WatcherThread [stack: 0x0000006928400000,0x0000006928500000] [id=11128]
  0x000001798a2aa800 GCTaskThread "GC Thread#0" [stack: 0x0000006927600000,0x0000006927700000] [id=10624]
  0x000001798a2dc000 ConcurrentGCThread "G1 Main Marker" [stack: 0x0000006927700000,0x0000006927800000] [id=19348]
  0x000001798a2dd800 ConcurrentGCThread "G1 Conc#0" [stack: 0x0000006927800000,0x0000006927900000] [id=18992]
  0x000001798a373800 ConcurrentGCThread "G1 Refine#0" [stack: 0x0000006927900000,0x0000006927a00000] [id=16740]
  0x000001798a374800 ConcurrentGCThread "G1 Young RemSet Sampling" [stack: 0x0000006927a00000,0x0000006927b00000] [id=4104]

Threads with active compile tasks:
C2 CompilerThread0    517  500       4       jdk.internal.org.objectweb.asm.Frame::execute (2264 bytes)
C2 CompilerThread1    517  532       4       jdk.internal.org.objectweb.asm.ClassWriter::newUTF8 (70 bytes)

VM state:not at safepoint (normal execution)

VM Mutex/Monitor currently owned by a thread: None

Heap address: 0x0000000081c00000, size: 2020 MB, Compressed Oops mode: 32-bit
Narrow klass base: 0x0000000000000000, Narrow klass shift: 3
Compressed class space size: 1073741824 Address: 0x0000000100000000

Heap:
 garbage-first heap   total 131072K, used 5120K [0x0000000081c00000, 0x0000000100000000)
  region size 1024K, 6 young (6144K), 0 survivors (0K)
 Metaspace       used 9943K, capacity 10144K, committed 10368K, reserved 1058816K
  class space    used 960K, capacity 1069K, committed 1152K, reserved 1048576K
Heap Regions: E=young(eden), S=young(survivor), O=old, HS=humongous(starts), HC=humongous(continues), CS=collection set, F=free, A=archive, TAMS=top-at-mark-start (previous, next)
|   0|0x0000000081c00000, 0x0000000081c00000, 0x0000000081d00000|  0%| F|  |TAMS 0x0000000081c00000, 0x0000000081c00000| Untracked 
|   1|0x0000000081d00000, 0x0000000081d00000, 0x0000000081e00000|  0%| F|  |TAMS 0x0000000081d00000, 0x0000000081d00000| Untracked 
|   2|0x0000000081e00000, 0x0000000081e00000, 0x0000000081f00000|  0%| F|  |TAMS 0x0000000081e00000, 0x0000000081e00000| Untracked 
|   3|0x0000000081f00000, 0x0000000081f00000, 0x0000000082000000|  0%| F|  |TAMS 0x0000000081f00000, 0x0000000081f00000| Untracked 
|   4|0x0000000082000000, 0x0000000082000000, 0x0000000082100000|  0%| F|  |TAMS 0x0000000082000000, 0x0000000082000000| Untracked 
|   5|0x0000000082100000, 0x0000000082100000, 0x0000000082200000|  0%| F|  |TAMS 0x0000000082100000, 0x0000000082100000| Untracked 
|   6|0x0000000082200000, 0x0000000082200000, 0x0000000082300000|  0%| F|  |TAMS 0x0000000082200000, 0x0000000082200000| Untracked 
|   7|0x0000000082300000, 0x0000000082300000, 0x0000000082400000|  0%| F|  |TAMS 0x0000000082300000, 0x0000000082300000| Untracked 
|   8|0x0000000082400000, 0x0000000082400000, 0x0000000082500000|  0%| F|  |TAMS 0x0000000082400000, 0x0000000082400000| Untracked 
|   9|0x0000000082500000, 0x0000000082500000, 0x0000000082600000|  0%| F|  |TAMS 0x0000000082500000, 0x0000000082500000| Untracked 
|  10|0x0000000082600000, 0x0000000082600000, 0x0000000082700000|  0%| F|  |TAMS 0x0000000082600000, 0x0000000082600000| Untracked 
|  11|0x0000000082700000, 0x0000000082700000, 0x0000000082800000|  0%| F|  |TAMS 0x0000000082700000, 0x0000000082700000| Untracked 
|  12|0x0000000082800000, 0x0000000082800000, 0x0000000082900000|  0%| F|  |TAMS 0x0000000082800000, 0x0000000082800000| Untracked 
|  13|0x0000000082900000, 0x0000000082900000, 0x0000000082a00000|  0%| F|  |TAMS 0x0000000082900000, 0x0000000082900000| Untracked 
|  14|0x0000000082a00000, 0x0000000082a00000, 0x0000000082b00000|  0%| F|  |TAMS 0x0000000082a00000, 0x0000000082a00000| Untracked 
|  15|0x0000000082b00000, 0x0000000082b00000, 0x0000000082c00000|  0%| F|  |TAMS 0x0000000082b00000, 0x0000000082b00000| Untracked 
|  16|0x0000000082c00000, 0x0000000082c00000, 0x0000000082d00000|  0%| F|  |TAMS 0x0000000082c00000, 0x0000000082c00000| Untracked 
|  17|0x0000000082d00000, 0x0000000082d00000, 0x0000000082e00000|  0%| F|  |TAMS 0x0000000082d00000, 0x0000000082d00000| Untracked 
|  18|0x0000000082e00000, 0x0000000082e00000, 0x0000000082f00000|  0%| F|  |TAMS 0x0000000082e00000, 0x0000000082e00000| Untracked 
|  19|0x0000000082f00000, 0x0000000082f00000, 0x0000000083000000|  0%| F|  |TAMS 0x0000000082f00000, 0x0000000082f00000| Untracked 
|  20|0x0000000083000000, 0x0000000083000000, 0x0000000083100000|  0%| F|  |TAMS 0x0000000083000000, 0x0000000083000000| Untracked 
|  21|0x0000000083100000, 0x0000000083100000, 0x0000000083200000|  0%| F|  |TAMS 0x0000000083100000, 0x0000000083100000| Untracked 
|  22|0x0000000083200000, 0x0000000083200000, 0x0000000083300000|  0%| F|  |TAMS 0x0000000083200000, 0x0000000083200000| Untracked 
|  23|0x0000000083300000, 0x0000000083300000, 0x0000000083400000|  0%| F|  |TAMS 0x0000000083300000, 0x0000000083300000| Untracked 
|  24|0x0000000083400000, 0x0000000083400000, 0x0000000083500000|  0%| F|  |TAMS 0x0000000083400000, 0x0000000083400000| Untracked 
|  25|0x0000000083500000, 0x0000000083500000, 0x0000000083600000|  0%| F|  |TAMS 0x0000000083500000, 0x0000000083500000| Untracked 
|  26|0x0000000083600000, 0x0000000083600000, 0x0000000083700000|  0%| F|  |TAMS 0x0000000083600000, 0x0000000083600000| Untracked 
|  27|0x0000000083700000, 0x0000000083700000, 0x0000000083800000|  0%| F|  |TAMS 0x0000000083700000, 0x0000000083700000| Untracked 
|  28|0x0000000083800000, 0x0000000083800000, 0x0000000083900000|  0%| F|  |TAMS 0x0000000083800000, 0x0000000083800000| Untracked 
|  29|0x0000000083900000, 0x0000000083900000, 0x0000000083a00000|  0%| F|  |TAMS 0x0000000083900000, 0x0000000083900000| Untracked 
|  30|0x0000000083a00000, 0x0000000083a00000, 0x0000000083b00000|  0%| F|  |TAMS 0x0000000083a00000, 0x0000000083a00000| Untracked 
|  31|0x0000000083b00000, 0x0000000083b00000, 0x0000000083c00000|  0%| F|  |TAMS 0x0000000083b00000, 0x0000000083b00000| Untracked 
|  32|0x0000000083c00000, 0x0000000083c00000, 0x0000000083d00000|  0%| F|  |TAMS 0x0000000083c00000, 0x0000000083c00000| Untracked 
|  33|0x0000000083d00000, 0x0000000083d00000, 0x0000000083e00000|  0%| F|  |TAMS 0x0000000083d00000, 0x0000000083d00000| Untracked 
|  34|0x0000000083e00000, 0x0000000083e00000, 0x0000000083f00000|  0%| F|  |TAMS 0x0000000083e00000, 0x0000000083e00000| Untracked 
|  35|0x0000000083f00000, 0x0000000083f00000, 0x0000000084000000|  0%| F|  |TAMS 0x0000000083f00000, 0x0000000083f00000| Untracked 
|  36|0x0000000084000000, 0x0000000084000000, 0x0000000084100000|  0%| F|  |TAMS 0x0000000084000000, 0x0000000084000000| Untracked 
|  37|0x0000000084100000, 0x0000000084100000, 0x0000000084200000|  0%| F|  |TAMS 0x0000000084100000, 0x0000000084100000| Untracked 
|  38|0x0000000084200000, 0x0000000084200000, 0x0000000084300000|  0%| F|  |TAMS 0x0000000084200000, 0x0000000084200000| Untracked 
|  39|0x0000000084300000, 0x0000000084300000, 0x0000000084400000|  0%| F|  |TAMS 0x0000000084300000, 0x0000000084300000| Untracked 
|  40|0x0000000084400000, 0x0000000084400000, 0x0000000084500000|  0%| F|  |TAMS 0x0000000084400000, 0x0000000084400000| Untracked 
|  41|0x0000000084500000, 0x0000000084500000, 0x0000000084600000|  0%| F|  |TAMS 0x0000000084500000, 0x0000000084500000| Untracked 
|  42|0x0000000084600000, 0x0000000084600000, 0x0000000084700000|  0%| F|  |TAMS 0x0000000084600000, 0x0000000084600000| Untracked 
|  43|0x0000000084700000, 0x0000000084700000, 0x0000000084800000|  0%| F|  |TAMS 0x0000000084700000, 0x0000000084700000| Untracked 
|  44|0x0000000084800000, 0x0000000084800000, 0x0000000084900000|  0%| F|  |TAMS 0x0000000084800000, 0x0000000084800000| Untracked 
|  45|0x0000000084900000, 0x0000000084900000, 0x0000000084a00000|  0%| F|  |TAMS 0x0000000084900000, 0x0000000084900000| Untracked 
|  46|0x0000000084a00000, 0x0000000084a00000, 0x0000000084b00000|  0%| F|  |TAMS 0x0000000084a00000, 0x0000000084a00000| Untracked 
|  47|0x0000000084b00000, 0x0000000084b00000, 0x0000000084c00000|  0%| F|  |TAMS 0x0000000084b00000, 0x0000000084b00000| Untracked 
|  48|0x0000000084c00000, 0x0000000084c00000, 0x0000000084d00000|  0%| F|  |TAMS 0x0000000084c00000, 0x0000000084c00000| Untracked 
|  49|0x0000000084d00000, 0x0000000084d00000, 0x0000000084e00000|  0%| F|  |TAMS 0x0000000084d00000, 0x0000000084d00000| Untracked 
|  50|0x0000000084e00000, 0x0000000084e00000, 0x0000000084f00000|  0%| F|  |TAMS 0x0000000084e00000, 0x0000000084e00000| Untracked 
|  51|0x0000000084f00000, 0x0000000084f00000, 0x0000000085000000|  0%| F|  |TAMS 0x0000000084f00000, 0x0000000084f00000| Untracked 
|  52|0x0000000085000000, 0x0000000085000000, 0x0000000085100000|  0%| F|  |TAMS 0x0000000085000000, 0x0000000085000000| Untracked 
|  53|0x0000000085100000, 0x0000000085100000, 0x0000000085200000|  0%| F|  |TAMS 0x0000000085100000, 0x0000000085100000| Untracked 
|  54|0x0000000085200000, 0x0000000085200000, 0x0000000085300000|  0%| F|  |TAMS 0x0000000085200000, 0x0000000085200000| Untracked 
|  55|0x0000000085300000, 0x0000000085300000, 0x0000000085400000|  0%| F|  |TAMS 0x0000000085300000, 0x0000000085300000| Untracked 
|  56|0x0000000085400000, 0x0000000085400000, 0x0000000085500000|  0%| F|  |TAMS 0x0000000085400000, 0x0000000085400000| Untracked 
|  57|0x0000000085500000, 0x0000000085500000, 0x0000000085600000|  0%| F|  |TAMS 0x0000000085500000, 0x0000000085500000| Untracked 
|  58|0x0000000085600000, 0x0000000085600000, 0x0000000085700000|  0%| F|  |TAMS 0x0000000085600000, 0x0000000085600000| Untracked 
|  59|0x0000000085700000, 0x0000000085700000, 0x0000000085800000|  0%| F|  |TAMS 0x0000000085700000, 0x0000000085700000| Untracked 
|  60|0x0000000085800000, 0x0000000085800000, 0x0000000085900000|  0%| F|  |TAMS 0x0000000085800000, 0x0000000085800000| Untracked 
|  61|0x0000000085900000, 0x0000000085900000, 0x0000000085a00000|  0%| F|  |TAMS 0x0000000085900000, 0x0000000085900000| Untracked 
|  62|0x0000000085a00000, 0x0000000085a00000, 0x0000000085b00000|  0%| F|  |TAMS 0x0000000085a00000, 0x0000000085a00000| Untracked 
|  63|0x0000000085b00000, 0x0000000085b00000, 0x0000000085c00000|  0%| F|  |TAMS 0x0000000085b00000, 0x0000000085b00000| Untracked 
|  64|0x0000000085c00000, 0x0000000085c00000, 0x0000000085d00000|  0%| F|  |TAMS 0x0000000085c00000, 0x0000000085c00000| Untracked 
|  65|0x0000000085d00000, 0x0000000085d00000, 0x0000000085e00000|  0%| F|  |TAMS 0x0000000085d00000, 0x0000000085d00000| Untracked 
|  66|0x0000000085e00000, 0x0000000085e00000, 0x0000000085f00000|  0%| F|  |TAMS 0x0000000085e00000, 0x0000000085e00000| Untracked 
|  67|0x0000000085f00000, 0x0000000085f00000, 0x0000000086000000|  0%| F|  |TAMS 0x0000000085f00000, 0x0000000085f00000| Untracked 
|  68|0x0000000086000000, 0x0000000086000000, 0x0000000086100000|  0%| F|  |TAMS 0x0000000086000000, 0x0000000086000000| Untracked 
|  69|0x0000000086100000, 0x0000000086100000, 0x0000000086200000|  0%| F|  |TAMS 0x0000000086100000, 0x0000000086100000| Untracked 
|  70|0x0000000086200000, 0x0000000086200000, 0x0000000086300000|  0%| F|  |TAMS 0x0000000086200000, 0x0000000086200000| Untracked 
|  71|0x0000000086300000, 0x0000000086300000, 0x0000000086400000|  0%| F|  |TAMS 0x0000000086300000, 0x0000000086300000| Untracked 
|  72|0x0000000086400000, 0x0000000086400000, 0x0000000086500000|  0%| F|  |TAMS 0x0000000086400000, 0x0000000086400000| Untracked 
|  73|0x0000000086500000, 0x0000000086500000, 0x0000000086600000|  0%| F|  |TAMS 0x0000000086500000, 0x0000000086500000| Untracked 
|  74|0x0000000086600000, 0x0000000086600000, 0x0000000086700000|  0%| F|  |TAMS 0x0000000086600000, 0x0000000086600000| Untracked 
|  75|0x0000000086700000, 0x0000000086700000, 0x0000000086800000|  0%| F|  |TAMS 0x0000000086700000, 0x0000000086700000| Untracked 
|  76|0x0000000086800000, 0x0000000086800000, 0x0000000086900000|  0%| F|  |TAMS 0x0000000086800000, 0x0000000086800000| Untracked 
|  77|0x0000000086900000, 0x0000000086900000, 0x0000000086a00000|  0%| F|  |TAMS 0x0000000086900000, 0x0000000086900000| Untracked 
|  78|0x0000000086a00000, 0x0000000086a00000, 0x0000000086b00000|  0%| F|  |TAMS 0x0000000086a00000, 0x0000000086a00000| Untracked 
|  79|0x0000000086b00000, 0x0000000086b00000, 0x0000000086c00000|  0%| F|  |TAMS 0x0000000086b00000, 0x0000000086b00000| Untracked 
|  80|0x0000000086c00000, 0x0000000086c00000, 0x0000000086d00000|  0%| F|  |TAMS 0x0000000086c00000, 0x0000000086c00000| Untracked 
|  81|0x0000000086d00000, 0x0000000086d00000, 0x0000000086e00000|  0%| F|  |TAMS 0x0000000086d00000, 0x0000000086d00000| Untracked 
|  82|0x0000000086e00000, 0x0000000086e00000, 0x0000000086f00000|  0%| F|  |TAMS 0x0000000086e00000, 0x0000000086e00000| Untracked 
|  83|0x0000000086f00000, 0x0000000086f00000, 0x0000000087000000|  0%| F|  |TAMS 0x0000000086f00000, 0x0000000086f00000| Untracked 
|  84|0x0000000087000000, 0x0000000087000000, 0x0000000087100000|  0%| F|  |TAMS 0x0000000087000000, 0x0000000087000000| Untracked 
|  85|0x0000000087100000, 0x0000000087100000, 0x0000000087200000|  0%| F|  |TAMS 0x0000000087100000, 0x0000000087100000| Untracked 
|  86|0x0000000087200000, 0x0000000087200000, 0x0000000087300000|  0%| F|  |TAMS 0x0000000087200000, 0x0000000087200000| Untracked 
|  87|0x0000000087300000, 0x0000000087300000, 0x0000000087400000|  0%| F|  |TAMS 0x0000000087300000, 0x0000000087300000| Untracked 
|  88|0x0000000087400000, 0x0000000087400000, 0x0000000087500000|  0%| F|  |TAMS 0x0000000087400000, 0x0000000087400000| Untracked 
|  89|0x0000000087500000, 0x0000000087500000, 0x0000000087600000|  0%| F|  |TAMS 0x0000000087500000, 0x0000000087500000| Untracked 
|  90|0x0000000087600000, 0x0000000087600000, 0x0000000087700000|  0%| F|  |TAMS 0x0000000087600000, 0x0000000087600000| Untracked 
|  91|0x0000000087700000, 0x0000000087700000, 0x0000000087800000|  0%| F|  |TAMS 0x0000000087700000, 0x0000000087700000| Untracked 
|  92|0x0000000087800000, 0x0000000087800000, 0x0000000087900000|  0%| F|  |TAMS 0x0000000087800000, 0x0000000087800000| Untracked 
|  93|0x0000000087900000, 0x0000000087900000, 0x0000000087a00000|  0%| F|  |TAMS 0x0000000087900000, 0x0000000087900000| Untracked 
|  94|0x0000000087a00000, 0x0000000087a00000, 0x0000000087b00000|  0%| F|  |TAMS 0x0000000087a00000, 0x0000000087a00000| Untracked 
|  95|0x0000000087b00000, 0x0000000087b00000, 0x0000000087c00000|  0%| F|  |TAMS 0x0000000087b00000, 0x0000000087b00000| Untracked 
|  96|0x0000000087c00000, 0x0000000087c00000, 0x0000000087d00000|  0%| F|  |TAMS 0x0000000087c00000, 0x0000000087c00000| Untracked 
|  97|0x0000000087d00000, 0x0000000087d00000, 0x0000000087e00000|  0%| F|  |TAMS 0x0000000087d00000, 0x0000000087d00000| Untracked 
|  98|0x0000000087e00000, 0x0000000087e00000, 0x0000000087f00000|  0%| F|  |TAMS 0x0000000087e00000, 0x0000000087e00000| Untracked 
|  99|0x0000000087f00000, 0x0000000087f00000, 0x0000000088000000|  0%| F|  |TAMS 0x0000000087f00000, 0x0000000087f00000| Untracked 
| 100|0x0000000088000000, 0x0000000088000000, 0x0000000088100000|  0%| F|  |TAMS 0x0000000088000000, 0x0000000088000000| Untracked 
| 101|0x0000000088100000, 0x0000000088100000, 0x0000000088200000|  0%| F|  |TAMS 0x0000000088100000, 0x0000000088100000| Untracked 
| 102|0x0000000088200000, 0x0000000088200000, 0x0000000088300000|  0%| F|  |TAMS 0x0000000088200000, 0x0000000088200000| Untracked 
| 103|0x0000000088300000, 0x0000000088300000, 0x0000000088400000|  0%| F|  |TAMS 0x0000000088300000, 0x0000000088300000| Untracked 
| 104|0x0000000088400000, 0x0000000088400000, 0x0000000088500000|  0%| F|  |TAMS 0x0000000088400000, 0x0000000088400000| Untracked 
| 105|0x0000000088500000, 0x0000000088500000, 0x0000000088600000|  0%| F|  |TAMS 0x0000000088500000, 0x0000000088500000| Untracked 
| 106|0x0000000088600000, 0x0000000088600000, 0x0000000088700000|  0%| F|  |TAMS 0x0000000088600000, 0x0000000088600000| Untracked 
| 107|0x0000000088700000, 0x0000000088700000, 0x0000000088800000|  0%| F|  |TAMS 0x0000000088700000, 0x0000000088700000| Untracked 
| 108|0x0000000088800000, 0x0000000088800000, 0x0000000088900000|  0%| F|  |TAMS 0x0000000088800000, 0x0000000088800000| Untracked 
| 109|0x0000000088900000, 0x0000000088900000, 0x0000000088a00000|  0%| F|  |TAMS 0x0000000088900000, 0x0000000088900000| Untracked 
| 110|0x0000000088a00000, 0x0000000088a00000, 0x0000000088b00000|  0%| F|  |TAMS 0x0000000088a00000, 0x0000000088a00000| Untracked 
| 111|0x0000000088b00000, 0x0000000088b00000, 0x0000000088c00000|  0%| F|  |TAMS 0x0000000088b00000, 0x0000000088b00000| Untracked 
| 112|0x0000000088c00000, 0x0000000088c00000, 0x0000000088d00000|  0%| F|  |TAMS 0x0000000088c00000, 0x0000000088c00000| Untracked 
| 113|0x0000000088d00000, 0x0000000088d00000, 0x0000000088e00000|  0%| F|  |TAMS 0x0000000088d00000, 0x0000000088d00000| Untracked 
| 114|0x0000000088e00000, 0x0000000088e00000, 0x0000000088f00000|  0%| F|  |TAMS 0x0000000088e00000, 0x0000000088e00000| Untracked 
| 115|0x0000000088f00000, 0x0000000088f00000, 0x0000000089000000|  0%| F|  |TAMS 0x0000000088f00000, 0x0000000088f00000| Untracked 
| 116|0x0000000089000000, 0x0000000089000000, 0x0000000089100000|  0%| F|  |TAMS 0x0000000089000000, 0x0000000089000000| Untracked 
| 117|0x0000000089100000, 0x0000000089100000, 0x0000000089200000|  0%| F|  |TAMS 0x0000000089100000, 0x0000000089100000| Untracked 
| 118|0x0000000089200000, 0x0000000089200000, 0x0000000089300000|  0%| F|  |TAMS 0x0000000089200000, 0x0000000089200000| Untracked 
| 119|0x0000000089300000, 0x0000000089300000, 0x0000000089400000|  0%| F|  |TAMS 0x0000000089300000, 0x0000000089300000| Untracked 
| 120|0x0000000089400000, 0x0000000089400000, 0x0000000089500000|  0%| F|  |TAMS 0x0000000089400000, 0x0000000089400000| Untracked 
| 121|0x0000000089500000, 0x0000000089500000, 0x0000000089600000|  0%| F|  |TAMS 0x0000000089500000, 0x0000000089500000| Untracked 
| 122|0x0000000089600000, 0x0000000089648308, 0x0000000089700000| 28%| E|  |TAMS 0x0000000089600000, 0x0000000089600000| Complete 
| 123|0x0000000089700000, 0x0000000089800000, 0x0000000089800000|100%| E|CS|TAMS 0x0000000089700000, 0x0000000089700000| Complete 
| 124|0x0000000089800000, 0x0000000089900000, 0x0000000089900000|100%| E|CS|TAMS 0x0000000089800000, 0x0000000089800000| Complete 
| 125|0x0000000089900000, 0x0000000089a00000, 0x0000000089a00000|100%| E|CS|TAMS 0x0000000089900000, 0x0000000089900000| Complete 
| 126|0x0000000089a00000, 0x0000000089b00000, 0x0000000089b00000|100%| E|CS|TAMS 0x0000000089a00000, 0x0000000089a00000| Complete 
| 127|0x0000000089b00000, 0x0000000089c00000, 0x0000000089c00000|100%| E|CS|TAMS 0x0000000089b00000, 0x0000000089b00000| Complete 

Card table byte_map: [0x00000179a2170000,0x00000179a2570000] _byte_map_base: 0x00000179a1d62000

Marking Bits (Prev, Next): (CMBitMap*) 0x000001798a2d3908, (CMBitMap*) 0x000001798a2d3940
 Prev Bits: [0x00000179a2970000, 0x00000179a4900000)
 Next Bits: [0x00000179a4900000, 0x00000179a6890000)

Polling page: 0x0000017992720000

Metaspace:

Usage:
  Non-class:      8.86 MB capacity,     8.77 MB ( 99%) used,    69.99 KB ( <1%) free+waste,    22.50 KB ( <1%) overhead. 
      Class:      1.04 MB capacity,   960.52 KB ( 90%) used,    96.91 KB (  9%) free+waste,    11.56 KB (  1%) overhead. 
       Both:      9.91 MB capacity,     9.71 MB ( 98%) used,   166.91 KB (  2%) free+waste,    34.06 KB ( <1%) overhead. 

Virtual space:
  Non-class space:       10.00 MB reserved,       9.00 MB ( 90%) committed 
      Class space:        1.00 GB reserved,       1.13 MB ( <1%) committed 
             Both:        1.01 GB reserved,      10.13 MB ( <1%) committed 

Chunk freelists:
   Non-Class:  1.63 KB
       Class:  0 bytes
        Both:  1.63 KB

CodeHeap 'non-profiled nmethods': size=120064Kb used=145Kb max_used=145Kb free=119918Kb
 bounds [0x000001799a200000, 0x000001799a470000, 0x00000179a1740000]
CodeHeap 'profiled nmethods': size=120000Kb used=877Kb max_used=877Kb free=119123Kb
 bounds [0x0000017992cd0000, 0x0000017992f40000, 0x000001799a200000]
CodeHeap 'non-nmethods': size=5696Kb used=1118Kb max_used=1130Kb free=4577Kb
 bounds [0x0000017992740000, 0x00000179929b0000, 0x0000017992cd0000]
 total_blobs=988 nmethods=545 adapters=356
 compilation: enabled
              stopped_count=0, restarted_count=0
 full_count=0

Compilation events (10 events):
Event: 0.469 Thread 0x00000179a8ef2000 nmethod 535 0x0000017992da1f10 code [0x0000017992da20c0, 0x0000017992da2270]
Event: 0.470 Thread 0x00000179a8ef2000  536       3       java.lang.invoke.ClassSpecializer$SpeciesData::fieldCount (10 bytes)
Event: 0.470 Thread 0x00000179a8ef2000 nmethod 536 0x0000017992da2310 code [0x0000017992da24c0, 0x0000017992da26f0]
Event: 0.473 Thread 0x00000179a8ef2000  540       3       jdk.internal.org.objectweb.asm.Label::<init> (5 bytes)
Event: 0.473 Thread 0x00000179a8ef2000 nmethod 540 0x0000017992da2790 code [0x0000017992da2940, 0x0000017992da2af8]
Event: 0.473 Thread 0x00000179a8ef2000  541       3       jdk.internal.org.objectweb.asm.ClassWriter::visitMethod (20 bytes)
Event: 0.473 Thread 0x00000179a8ef2000 nmethod 541 0x0000017992da2b90 code [0x0000017992da2d40, 0x0000017992da2f90]
Event: 0.474 Thread 0x00000179a8ef2000  542       3       jdk.internal.org.objectweb.asm.MethodVisitor::<init> (7 bytes)
Event: 0.474 Thread 0x00000179a8ef2000 nmethod 542 0x0000017992da3090 code [0x0000017992da3260, 0x0000017992da35f0]
Event: 0.474 Thread 0x00000179a8ef2000  543       3       jdk.internal.org.objectweb.asm.MethodWriter::visitMaxs (1144 bytes)

GC Heap History (0 events):
No events

Deoptimization events (1 events):
Event: 0.125 Thread 0x000001798a294800 Uncommon trap: reason=unstable_if action=reinterpret pc=0x000001799a2043a0 method=java.lang.String.hashCode()I @ 14 c2

Classes redefined (0 events):
No events

Internal exceptions (10 events):
Event: 0.276 Thread 0x000001798a294800 Exception <a 'java/lang/NoSuchMethodError'{0x000000008994a8a8}: java.lang.invoke.DirectMethodHandle$Holder.invokeStatic(Ljava/lang/Object;Ljava/lang/Object;Ljava/lang/Object;Ljava/lang/Object;Ljava/lang/Object;Ljava/lang/Object;Ljava/lang/Object;Ljava/lan
Event: 0.278 Thread 0x000001798a294800 Exception <a 'java/lang/NoSuchMethodError'{0x0000000089958618}: java.lang.invoke.DirectMethodHandle$Holder.invokeStatic(Ljava/lang/Object;Ljava/lang/Object;Ljava/lang/Object;Ljava/lang/Object;Ljava/lang/Object;Ljava/lang/Object;Ljava/lang/Object;Ljava/lan
Event: 0.281 Thread 0x000001798a294800 Exception <a 'java/lang/NoSuchMethodError'{0x0000000089966280}: java.lang.invoke.DirectMethodHandle$Holder.invokeSpecial(Ljava/lang/Object;Ljava/lang/Object;IILjava/lang/Object;Ljava/lang/Object;Ljava/lang/Object;)Ljava/lang/Object;> (0x0000000089966280) 
Event: 0.283 Thread 0x000001798a294800 Exception <a 'java/lang/NoSuchMethodError'{0x0000000089969808}: java.lang.invoke.DelegatingMethodHandle$Holder.reinvoke_L(Ljava/lang/Object;IILjava/lang/Object;Ljava/lang/Object;Ljava/lang/Object;)Ljava/lang/Object;> (0x0000000089969808) thrown at [./open
Event: 0.284 Thread 0x000001798a294800 Exception <a 'java/lang/NoSuchMethodError'{0x000000008996d8e8}: java.lang.invoke.DirectMethodHandle$Holder.invokeStatic(Ljava/lang/Object;Ljava/lang/Object;Ljava/lang/Object;Ljava/lang/Object;I)Ljava/lang/Object;> (0x000000008996d8e8) thrown at [./open/sr
Event: 0.305 Thread 0x000001798a294800 Exception <a 'java/io/FileNotFoundException'{0x00000000899d0828}> (0x00000000899d0828) thrown at [./open/src/hotspot/share/prims/jni.cpp, line 611]
Event: 0.397 Thread 0x00000179a9d65000 Exception <a 'java/lang/NoSuchMethodError'{0x0000000089894f60}: java.lang.invoke.DirectMethodHandle$Holder.invokeSpecial(Ljava/lang/Object;Ljava/lang/Object;)V> (0x0000000089894f60) thrown at [./open/src/hotspot/share/interpreter/linkResolver.cpp, line 77
Event: 0.403 Thread 0x000001798a294800 Exception <a 'java/lang/NoSuchMethodError'{0x000000008987d208}: java.lang.invoke.DirectMethodHandle$Holder.invokeStatic(Ljava/lang/Object;Ljava/lang/Object;Ljava/lang/Object;Ljava/lang/Object;Ljava/lang/Object;Ljava/lang/Object;Ljava/lang/Object;Ljava/lan
Event: 0.405 Thread 0x000001798a294800 Exception <a 'java/lang/NoSuchMethodError'{0x00000000898deec0}: java.lang.invoke.DirectMethodHandle$Holder.invokeStatic(Ljava/lang/Object;Ljava/lang/Object;Ljava/lang/Object;Ljava/lang/Object;Ljava/lang/Object;Ljava/lang/Object;Ljava/lang/Object;Ljava/lan
Event: 0.473 Thread 0x000001798a294800 Exception <a 'java/lang/NoSuchMethodError'{0x00000000897f5fe0}: java.lang.invoke.DirectMethodHandle$Holder.invokeStatic(Ljava/lang/Object;ILjava/lang/Object;Ljava/lang/Object;Ljava/lang/Object;Ljava/lang/Object;)Ljava/lang/Object;> (0x00000000897f5fe0) th

Events (10 events):
Event: 0.464 loading class javax/swing/plaf/InsetsUIResource
Event: 0.464 loading class javax/swing/plaf/InsetsUIResource done
Event: 0.470 loading class javax/swing/plaf/BorderUIResource$EmptyBorderUIResource
Event: 0.471 loading class javax/swing/border/EmptyBorder
Event: 0.471 loading class javax/swing/border/AbstractBorder
Event: 0.471 loading class javax/swing/border/Border
Event: 0.471 loading class javax/swing/border/Border done
Event: 0.471 loading class javax/swing/border/AbstractBorder done
Event: 0.471 loading class javax/swing/border/EmptyBorder done
Event: 0.471 loading class javax/swing/plaf/BorderUIResource$EmptyBorderUIResource done


Dynamic libraries:
0x00007ff66fb70000 - 0x00007ff66fb7f000 	C:\Program Files\Java\jdk-11.0.9\bin\javaw.exe
0x00007ffb11f30000 - 0x00007ffb12126000 	C:\Windows\SYSTEM32\ntdll.dll
0x00007ffb10ca0000 - 0x00007ffb10d5d000 	C:\Windows\System32\KERNEL32.DLL
0x00007ffb0fa10000 - 0x00007ffb0fcd8000 	C:\Windows\System32\KERNELBASE.dll
0x00007ffb0fe90000 - 0x00007ffb0ff90000 	C:\Windows\System32\ucrtbase.dll
0x00007ffaf0520000 - 0x00007ffaf0538000 	C:\Program Files\Java\jdk-11.0.9\bin\jli.dll
0x00007ffb103d0000 - 0x00007ffb1047c000 	C:\Windows\System32\ADVAPI32.dll
0x00007ffb10d60000 - 0x00007ffb10dfe000 	C:\Windows\System32\msvcrt.dll
0x00007ffb10190000 - 0x00007ffb1022b000 	C:\Windows\System32\sechost.dll
0x00007ffb10640000 - 0x00007ffb10764000 	C:\Windows\System32\RPCRT4.dll
0x00007ffb10230000 - 0x00007ffb103d0000 	C:\Windows\System32\USER32.dll
0x00007ffb0fe60000 - 0x00007ffb0fe82000 	C:\Windows\System32\win32u.dll
0x00007ffb11ec0000 - 0x00007ffb11eea000 	C:\Windows\System32\GDI32.dll
0x00007ffb0f7d0000 - 0x00007ffb0f8d9000 	C:\Windows\System32\gdi32full.dll
0x00007ffb0f8e0000 - 0x00007ffb0f97d000 	C:\Windows\System32\msvcp_win.dll
0x00007ffaf0430000 - 0x00007ffaf0445000 	C:\Program Files\Java\jdk-11.0.9\bin\VCRUNTIME140.dll
0x00007ffaf2d00000 - 0x00007ffaf2f9b000 	C:\Windows\WinSxS\amd64_microsoft.windows.common-controls_6595b64144ccf1df_6.0.19041.488_none_ca04af081b815d21\COMCTL32.dll
0x00007ffb0a5a0000 - 0x00007ffb0a5aa000 	C:\Windows\SYSTEM32\VERSION.dll
0x00007ffb10160000 - 0x00007ffb10190000 	C:\Windows\System32\IMM32.DLL
0x00007ffad3ec0000 - 0x00007ffad3f5b000 	C:\Program Files\Java\jdk-11.0.9\bin\msvcp140.dll
0x00007ffaa8510000 - 0x00007ffaa9007000 	C:\Program Files\Java\jdk-11.0.9\bin\server\jvm.dll
0x00007ffb10830000 - 0x00007ffb10838000 	C:\Windows\System32\PSAPI.DLL
0x00007ffb0b1f0000 - 0x00007ffb0b1f9000 	C:\Windows\SYSTEM32\WSOCK32.dll
0x00007ffb10840000 - 0x00007ffb108ab000 	C:\Windows\System32\WS2_32.dll
0x00007ffaf31c0000 - 0x00007ffaf31e7000 	C:\Windows\SYSTEM32\WINMM.dll
0x00007ffb0d5e0000 - 0x00007ffb0d5f2000 	C:\Windows\SYSTEM32\kernel.appcore.dll
0x00007ffb0b1e0000 - 0x00007ffb0b1f0000 	C:\Program Files\Java\jdk-11.0.9\bin\verify.dll
0x00007ffafb850000 - 0x00007ffafba34000 	C:\Windows\SYSTEM32\DBGHELP.DLL
0x00007ffafb6b0000 - 0x00007ffafb6dc000 	C:\Windows\SYSTEM32\dbgcore.DLL
0x00007ffb0fd30000 - 0x00007ffb0fdaf000 	C:\Windows\System32\bcryptPrimitives.dll
0x00007ffaf3230000 - 0x00007ffaf3258000 	C:\Program Files\Java\jdk-11.0.9\bin\java.dll
0x00007ffafd5a0000 - 0x00007ffafd5aa000 	C:\Program Files\Java\jdk-11.0.9\bin\jimage.dll
0x00007ffaf3420000 - 0x00007ffaf3436000 	C:\Program Files\Java\jdk-11.0.9\bin\zip.dll
0x00007ffb11770000 - 0x00007ffb11eb1000 	C:\Windows\System32\SHELL32.dll
0x00007ffb0d7e0000 - 0x00007ffb0df75000 	C:\Windows\SYSTEM32\windows.storage.dll
0x00007ffb10e60000 - 0x00007ffb111b5000 	C:\Windows\System32\combase.dll
0x00007ffb0f010000 - 0x00007ffb0f03c000 	C:\Windows\SYSTEM32\Wldp.dll
0x00007ffb10a60000 - 0x00007ffb10b0e000 	C:\Windows\System32\SHCORE.dll
0x00007ffb10100000 - 0x00007ffb10155000 	C:\Windows\System32\shlwapi.dll
0x00007ffb0f5a0000 - 0x00007ffb0f5c6000 	C:\Windows\SYSTEM32\profapi.dll
0x00007ffaf2350000 - 0x00007ffaf2369000 	C:\Program Files\Java\jdk-11.0.9\bin\net.dll
0x00007ffb090c0000 - 0x00007ffb091c0000 	C:\Windows\SYSTEM32\WINHTTP.dll
0x00007ffb0ed90000 - 0x00007ffb0edfa000 	C:\Windows\system32\mswsock.dll
0x00007ffaf2330000 - 0x00007ffaf2342000 	C:\Program Files\Java\jdk-11.0.9\bin\nio.dll
0x00007fface830000 - 0x00007fface9ca000 	C:\Program Files\Java\jdk-11.0.9\bin\awt.dll
0x00007ffb10480000 - 0x00007ffb1054d000 	C:\Windows\System32\OLEAUT32.dll
0x00007ffb0ce70000 - 0x00007ffb0cf00000 	C:\Windows\SYSTEM32\apphelp.dll
0x00007ffb0d400000 - 0x00007ffb0d42f000 	C:\Windows\system32\DWMAPI.DLL
0x00007ffb0d120000 - 0x00007ffb0d1be000 	C:\Windows\system32\uxtheme.dll
0x00007ffae2960000 - 0x00007ffae2a85000 	C:\Windows\system32\opengl32.dll
0x00007ffae31c0000 - 0x00007ffae31ec000 	C:\Windows\SYSTEM32\GLU32.dll
0x00007ffb11650000 - 0x00007ffb11765000 	C:\Windows\System32\MSCTF.dll
0x00007ffb10b70000 - 0x00007ffb10c9a000 	C:\Windows\System32\ole32.dll

dbghelp: loaded successfully - version: 4.0.5 - missing functions: none
symbol engine: initialized successfully - sym options: 0x614 - pdb path: .;C:\Program Files\Java\jdk-11.0.9\bin;C:\Windows\SYSTEM32;C:\Windows\WinSxS\amd64_microsoft.windows.common-controls_6595b64144ccf1df_6.0.19041.488_none_ca04af081b815d21;C:\Program Files\Java\jdk-11.0.9\bin\server

VM Arguments:
jvm_args: -Dfile.encoding=UTF-8 
java_command: main.Main
java_class_path (initial): C:\Users\Admin\Documents\GitHub\note5\main\bin;C:\Users\Admin\Documents\GitHub\note5\main\miglayout15-swing.jar;C:\Users\Admin\Documents\GitHub\note5\main\java-json.jar
Launcher Type: SUN_STANDARD

[Global flags]
     intx CICompilerCount                          = 3                                         {product} {ergonomic}
     uint ConcGCThreads                            = 1                                         {product} {ergonomic}
     uint G1ConcRefinementThreads                  = 4                                         {product} {ergonomic}
   size_t G1HeapRegionSize                         = 1048576                                   {product} {ergonomic}
    uintx GCDrainStackTargetSize                   = 64                                        {product} {ergonomic}
   size_t InitialHeapSize                          = 134217728                                 {product} {ergonomic}
   size_t MarkStackSize                            = 4194304                                   {product} {ergonomic}
   size_t MaxHeapSize                              = 2118123520                                {product} {ergonomic}
   size_t MaxNewSize                               = 1270874112                                {product} {ergonomic}
   size_t MinHeapDeltaBytes                        = 1048576                                   {product} {ergonomic}
    uintx NonNMethodCodeHeapSize                   = 5830732                                {pd product} {ergonomic}
    uintx NonProfiledCodeHeapSize                  = 122913754                              {pd product} {ergonomic}
    uintx ProfiledCodeHeapSize                     = 122913754                              {pd product} {ergonomic}
    uintx ReservedCodeCacheSize                    = 251658240                              {pd product} {ergonomic}
     bool SegmentedCodeCache                       = true                                      {product} {ergonomic}
     bool UseCompressedClassPointers               = true                                 {lp64_product} {ergonomic}
     bool UseCompressedOops                        = true                                 {lp64_product} {ergonomic}
     bool UseG1GC                                  = true                                      {product} {ergonomic}
     bool UseLargePagesIndividualAllocation        = false                                  {pd product} {ergonomic}

Logging:
Log output configuration:
 #0: stdout all=warning uptime,level,tags
 #1: stderr all=off uptime,level,tags

Environment Variables:
JAVA_HOME=C:\Program Files\Java\jdk-11.0.9
PATH=C:/Program Files/Java/jdk-11.0.9/bin/server;C:/Program Files/Java/jdk-11.0.9/bin;C:\Program Files\Common Files\Oracle\Java\javapath;C:\Windows\system32;C:\Windows;C:\Windows\System32\Wbem;C:\Windows\System32\WindowsPowerShell\v1.0\;C:\Windows\System32\OpenSSH\;C:\Program Files\Git\cmd;C:\Program Files\nodejs\;C:\Go\bin;C:\Program Files\PuTTY\;C:\Program Files (x86)\Dev-Cpp\MinGW64\bin;C:\Program Files\Java\jdk-11.0.9\bin;C:\Program Files\Microsoft SQL Server\Client SDK\ODBC\170\Tools\Binn\;C:\Program Files (x86)\Microsoft SQL Server\150\Tools\Binn\;C:\Program Files\Microsoft SQL Server\150\Tools\Binn\;C:\Program Files\Microsoft SQL Server\150\DTS\Binn\;C:\Program Files (x86)\Microsoft SQL Server\150\DTS\Binn\;C:\Program Files\Azure Data Studio\bin;C:\Users\Admin\AppData\Local\Programs\Python\Python38-32\Scripts\;C:\Users\Admin\AppData\Local\Programs\Python\Python38-32\;C:\Users\Admin\AppData\Local\Microsoft\WindowsApps;C:\Users\Admin\AppData\Local\Programs\Microsoft VS Code\bin;C:\ProgramData\Admin\GitHubDesktop\bin;C:\Users\Admin\AppData\Roaming\npm;C:\Users\Admin\go\bin;C:\MinGW\bin;;C:\Program Files\Azure Data Studio\bin;C:\Windows\system32;
USERNAME=Admin
OS=Windows_NT
PROCESSOR_IDENTIFIER=Intel64 Family 6 Model 158 Stepping 9, GenuineIntel



---------------  S Y S T E M  ---------------

OS: Windows 10 , 64 bit Build 19041 (10.0.19041.546)

CPU:total 4 (initial active 4) (2 cores per cpu, 2 threads per core) family 6 model 158 stepping 9, cmov, cx8, fxsr, mmx, sse, sse2, sse3, ssse3, sse4.1, sse4.2, popcnt, aes, clmul, erms, 3dnowpref, lzcnt, ht, tsc, tscinvbit

Memory: 4k page, system-wide physical 8079M (700M free)
TotalPageFile size 22374M (AvailPageFile size 1M)
current process WorkingSet (physical memory assigned to process): 52M, peak: 52M
current process commit charge ("private bytes"): 209M, peak: 209M

vm_info: Java HotSpot(TM) 64-Bit Server VM (11.0.9+7-LTS) for windows-amd64 JRE (11.0.9+7-LTS), built on Sep 15 2020 16:47:03 by "mach5one" with MS VC++ 15.9 (VS2017)

END.
